<?xml version="1.0" encoding="UTF-8"?>
<!-- Generated by org.testng.reporters.JUnitReportReporter -->
<testsuite hostname="Pramod" name="com.exclusively.web.sanity.Gofynd" tests="1" failures="0" timestamp="26 Feb 2017 09:27:17 GMT" time="14.113" errors="0">
  <testcase name="placeOrderRegisterUserCheckOutFlow" time="14.113" classname="com.exclusively.web.sanity.Gofynd"/>
</testsuite> <!-- com.exclusively.web.sanity.Gofynd -->
