<?xml version="1.0" encoding="UTF-8"?>
<!-- Generated by org.testng.reporters.JUnitReportReporter -->
<testsuite hostname="LP-5C260A806D78" name="com.digi.selenium.util.SampleTest_One" tests="2" failures="0" timestamp="5 Aug 2015 13:59:24 GMT" time="0.001" errors="0">
  <testcase name="registerSampleTes_one" time="0.001" classname="com.digi.selenium.util.SampleTest_One"/>
  <testcase name="registerSampleTest_two" time="0.000" classname="com.digi.selenium.util.SampleTest_One"/>
</testsuite> <!-- com.digi.selenium.util.SampleTest_One -->
