<?xml version="1.0" encoding="UTF-8"?>
<!-- Generated by org.testng.reporters.JUnitReportReporter -->
<testsuite hostname="DS-005056C00008" name="com.digi.selenium.app.DashBoard.Dashboard_Prepaid_Stg" tests="1" failures="0" timestamp="10 Sep 2015 12:35:48 GMT" time="12.174" errors="0">
  <testcase name="verifyInternetDonutValues_Prepaid" time="12.174" classname="com.digi.selenium.app.DashBoard.Dashboard_Prepaid_Stg"/>
</testsuite> <!-- com.digi.selenium.app.DashBoard.Dashboard_Prepaid_Stg -->
