<?xml version="1.0" encoding="UTF-8"?>
<!-- Generated by org.testng.reporters.JUnitReportReporter -->
<testsuite hostname="LP-5C260A806D78" name="com.digi.selenium.util.TestNG" tests="2" failures="0" timestamp="5 Aug 2015 14:54:46 GMT" time="27.206" errors="0">
  <testcase name="searchTestNGInGoogle" time="15.018" classname="com.digi.selenium.util.TestNG"/>
  <testcase name="searchHCLInGoogle" time="12.188" classname="com.digi.selenium.util.TestNG"/>
</testsuite> <!-- com.digi.selenium.util.TestNG -->
