<?xml version="1.0" encoding="UTF-8"?>
<!-- Generated by org.testng.reporters.JUnitReportReporter -->
<testsuite hostname="LP-5C260A806D78" name="com.digi.selenium.util.FirstSampleTestNG" tests="2" failures="0" timestamp="5 Aug 2015 14:54:46 GMT" time="10.598" errors="0">
  <testcase name="supportSite" time="5.586" classname="com.digi.selenium.util.FirstSampleTestNG"/>
  <testcase name="registerSite" time="5.012" classname="com.digi.selenium.util.FirstSampleTestNG"/>
</testsuite> <!-- com.digi.selenium.util.FirstSampleTestNG -->
